<?xml version="1.0" encoding="UTF-8"?>
<!-- Generated by org.testng.reporters.JUnitReportReporter -->
<testsuite skipped="0" hostname="qc" name="com.main.test.AddHostel" tests="1" failures="0" timestamp="03 Jul 2018 10:34:49 GMT" time="34.051" errors="0">
  <testcase name="mainTest" time="34.051" classname="com.main.test.AddHostel"/>
</testsuite> <!-- com.main.test.AddHostel -->
