<?xml version="1.0" encoding="UTF-8"?>
<!-- Generated by org.testng.reporters.JUnitReportReporter -->
<testsuite hostname="qc" name="MyFirstMavenProject.MyFirstMavenProject.Login" tests="1" failures="0" timestamp="27 Jun 2018 08:25:51 GMT" time="5.019" errors="0">
  <testcase name="signIn" time="5.019" classname="MyFirstMavenProject.MyFirstMavenProject.Login"/>
</testsuite> <!-- MyFirstMavenProject.MyFirstMavenProject.Login -->
