<?xml version="1.0" encoding="UTF-8"?>
<!-- Generated by org.testng.reporters.JUnitReportReporter -->
<testsuite hostname="qc" name="com.main.test.AddHostel" tests="1" failures="0" timestamp="27 Jun 2018 09:44:50 GMT" time="36.243" errors="0">
  <testcase name="mainTest" time="36.243" classname="com.main.test.AddHostel"/>
</testsuite> <!-- com.main.test.AddHostel -->
